#
# A fatal error has been detected by the Java Runtime Environment:
#
#  EXCEPTION_ACCESS_VIOLATION (0xc0000005) at pc=0x0000000059a60122, pid=15532, tid=0x000000000000373c
#
# JRE version: Java(TM) SE Runtime Environment (8.0_231-b11) (build 1.8.0_231-b11)
# Java VM: Java HotSpot(TM) 64-Bit Server VM (25.231-b11 mixed mode windows-amd64 compressed oops)
# Problematic frame:
# V  [jvm.dll+0x2c0122]
#
# Failed to write core dump. Minidumps are not enabled by default on client versions of Windows
#
# If you would like to submit a bug report, please visit:
#   http://bugreport.java.com/bugreport/crash.jsp
#

---------------  T H R E A D  ---------------

Current thread (0x0000000013e62800):  JavaThread "C1 CompilerThread1" daemon [_thread_in_native, id=14140, stack(0x0000000014f70000,0x0000000015070000)]

siginfo: ExceptionCode=0xc0000005, writing address 0x00000000205af9e8

Registers:
RAX=0x00000000000000f2, RBX=0x0000000016e37040, RCX=0x0000000002d5035b, RDX=0x000000001506f130
RSP=0x000000001506ebe0, RBP=0x000000001506ece0, RSI=0x0000000000000093, RDI=0x000000001506ee00
R8 =0x000000001506f130, R9 =0x0000000018eb8370, R10=0x0000000018eb8370, R11=0x000000001506ed30
R12=0x0000000016e36e40, R13=0x0000000016e37040, R14=0x0000000002bf4be0, R15=0x0000000002bf4c20
RIP=0x0000000059a60122, EFLAGS=0x0000000000010203

Top of Stack: (sp=0x000000001506ebe0)
0x000000001506ebe0:   00000010ffffffff 0000000059d88348
0x000000001506ebf0:   0000000000000000 0000000059bd92a8
0x000000001506ec00:   000000001506ee00 000000001506ee00
0x000000001506ec10:   0000000000000007 ffffffffffffffff
0x000000001506ec20:   00000001ffffffff 0000000059d88348
0x000000001506ec30:   0000000000000000 0000000059bd92a8
0x000000001506ec40:   000000001506ee00 000000001506ee00
0x000000001506ec50:   0000000000000007 0000000059a53655
0x000000001506ec60:   0000000000000000 0000000059d88348
0x000000001506ec70:   0000000000000000 0000000000000000
0x000000001506ec80:   0000000000000007 ffffffffffffffff
0x000000001506ec90:   0000000002bf4c20 0000000002bf4be0
0x000000001506eca0:   0000000013dd5c30 000000000000000a
0x000000001506ecb0:   000000001506ee00 0000000059bd9034
0x000000001506ecc0:   000000000001000b 0000000000000001
0x000000001506ecd0:   0000000016e36ee0 00000000000003e8 

Instructions: (pc=0x0000000059a60122)
0x0000000059a60102:   38 00 ba 58 06 00 00 e8 e2 88 fb ff e8 1d 96 fd
0x0000000059a60112:   ff 4c 8d 9c 24 50 01 00 00 49 8b 5b 20 49 8b 73
0x0000000059a60122:   28 49 8b 7b 30 4d 8b 63 38 49 8b e3 41 5e 41 5d
0x0000000059a60132:   5d c3 db fa 2b 00 4f fc 2b 00 4f fc 2b 00 01 fb 


Register to memory mapping:

RAX=0x00000000000000f2 is an unknown value
RBX=0x0000000016e37040 is an unknown value
RCX=0x0000000002d5035b is at code_begin+1019 in 
[CodeBlob (0x0000000002d4ff10)]
Framesize: 0
BufferBlob (0x0000000002d4ff10) used for C1 temporary CodeBuffer
RDX=0x000000001506f130 is pointing into the stack for thread: 0x0000000013e62800
RSP=0x000000001506ebe0 is pointing into the stack for thread: 0x0000000013e62800
RBP=0x000000001506ece0 is pointing into the stack for thread: 0x0000000013e62800
RSI=0x0000000000000093 is an unknown value
RDI=0x000000001506ee00 is pointing into the stack for thread: 0x0000000013e62800
R8 =0x000000001506f130 is pointing into the stack for thread: 0x0000000013e62800
R9 =0x0000000018eb8370 is an unknown value
R10=0x0000000018eb8370 is an unknown value
R11=0x000000001506ed30 is pointing into the stack for thread: 0x0000000013e62800
R12=0x0000000016e36e40 is an unknown value
R13=0x0000000016e37040 is an unknown value
R14=0x0000000002bf4be0 is an unknown value
R15=0x0000000002bf4c20 is an unknown value


Stack: [0x0000000014f70000,0x0000000015070000],  sp=0x000000001506ebe0,  free space=1018k
Native frames: (J=compiled Java code, j=interpreted, Vv=VM code, C=native code)
V  [jvm.dll+0x2c0122]
V  [jvm.dll+0x4352ab]
V  [jvm.dll+0x439184]
V  [jvm.dll+0x43998c]
V  [jvm.dll+0x412b61]
V  [jvm.dll+0x41328a]
V  [jvm.dll+0x413362]
V  [jvm.dll+0x413531]
V  [jvm.dll+0x41373f]
V  [jvm.dll+0xa6ae2]
V  [jvm.dll+0xa742f]
V  [jvm.dll+0x24677f]
V  [jvm.dll+0x29fd8a]
C  [msvcr100.dll+0x21d9f]
C  [msvcr100.dll+0x21e3b]
C  [KERNEL32.DLL+0x17bd4]
C  [ntdll.dll+0x6ced1]


Current CompileTask:
C1:  90081 7460       3       java.math.MutableBigInteger::add (346 bytes)


---------------  P R O C E S S  ---------------

Java Threads: ( => current thread )
  0x0000000019e31800 JavaThread "Memory manager" [_thread_blocked, id=2100, stack(0x000000001e5f0000,0x000000001e6f0000)]
  0x0000000019e30800 JavaThread "Cache worker for Build Output Cleanup Cache (C:\Otro\android\.gradle\buildOutputCleanup)" [_thread_blocked, id=9888, stack(0x000000001cf30000,0x000000001d030000)]
  0x0000000019e30000 JavaThread "Build operations Thread 2" [_thread_blocked, id=17304, stack(0x000000001cd30000,0x000000001ce30000)]
  0x0000000019e34000 JavaThread "Build operations" [_thread_blocked, id=11368, stack(0x000000001cc30000,0x000000001cd30000)]
  0x00000000161b5000 JavaThread "Cache worker for execution history cache (C:\Users\dulce\.gradle\caches\5.5\executionHistory)" [_thread_blocked, id=10952, stack(0x000000001c930000,0x000000001ca30000)]
  0x00000000161b4800 JavaThread "Cache worker for cache directory md-rule (C:\Users\dulce\.gradle\caches\5.5\md-rule)" [_thread_blocked, id=10996, stack(0x000000001c730000,0x000000001c830000)]
  0x00000000161b3800 JavaThread "Cache worker for cache directory md-supplier (C:\Users\dulce\.gradle\caches\5.5\md-supplier)" [_thread_blocked, id=14768, stack(0x000000001b570000,0x000000001b670000)]
  0x00000000161b9000 JavaThread "Cache worker for file hash cache (C:\Otro\android\.gradle\5.5\fileHashes)" [_thread_blocked, id=7716, stack(0x000000001a790000,0x000000001a890000)]
  0x00000000161b7800 JavaThread "Cache worker for journal cache (C:\Users\dulce\.gradle\caches\journal-1)" [_thread_blocked, id=10648, stack(0x00000000182f0000,0x00000000183f0000)]
  0x00000000161b6000 JavaThread "File lock request listener" [_thread_in_native, id=17276, stack(0x00000000181f0000,0x00000000182f0000)]
  0x00000000161b6800 JavaThread "Cache worker for file hash cache (C:\Users\dulce\.gradle\caches\5.5\fileHashes)" [_thread_blocked, id=12744, stack(0x00000000180f0000,0x00000000181f0000)]
  0x00000000165aa000 JavaThread "Thread-9" [_thread_blocked, id=12784, stack(0x0000000017ff0000,0x00000000180f0000)]
  0x00000000165b9000 JavaThread "Stdin handler" [_thread_blocked, id=14772, stack(0x0000000017ef0000,0x0000000017ff0000)]
  0x00000000165b8000 JavaThread "Asynchronous log dispatcher for DefaultDaemonConnection: socket connection from /127.0.0.1:64342 to /127.0.0.1:64343" [_thread_blocked, id=14904, stack(0x0000000017df0000,0x0000000017ef0000)]
  0x0000000016572000 JavaThread "Daemon worker" [_thread_in_native, id=1252, stack(0x0000000017cf0000,0x0000000017df0000)]
  0x0000000016570800 JavaThread "Cancel handler" [_thread_blocked, id=4548, stack(0x0000000017bf0000,0x0000000017cf0000)]
  0x0000000016570000 JavaThread "Handler for socket connection from /127.0.0.1:64342 to /127.0.0.1:64343" [_thread_in_native, id=12548, stack(0x00000000178f0000,0x00000000179f0000)]
  0x000000001656f800 JavaThread "Daemon" [_thread_blocked, id=16176, stack(0x00000000177f0000,0x00000000178f0000)]
  0x0000000016904000 JavaThread "Daemon periodic checks" [_thread_blocked, id=3364, stack(0x00000000176f0000,0x00000000177f0000)]
  0x00000000168d6800 JavaThread "Incoming local TCP Connector on port 64342" [_thread_in_native, id=4848, stack(0x0000000017480000,0x0000000017580000)]
  0x0000000015425000 JavaThread "Daemon health stats" [_thread_blocked, id=13428, stack(0x0000000016e40000,0x0000000016f40000)]
  0x0000000013e8a000 JavaThread "Service Thread" daemon [_thread_blocked, id=8244, stack(0x0000000015070000,0x0000000015170000)]
=>0x0000000013e62800 JavaThread "C1 CompilerThread1" daemon [_thread_in_native, id=14140, stack(0x0000000014f70000,0x0000000015070000)]
  0x0000000013e10000 JavaThread "C2 CompilerThread0" daemon [_thread_blocked, id=16344, stack(0x0000000014e70000,0x0000000014f70000)]
  0x0000000013e0e800 JavaThread "Attach Listener" daemon [_thread_blocked, id=3492, stack(0x0000000014d70000,0x0000000014e70000)]
  0x0000000013e09000 JavaThread "Signal Dispatcher" daemon [_thread_blocked, id=4516, stack(0x0000000014c70000,0x0000000014d70000)]
  0x0000000002cd8800 JavaThread "Finalizer" daemon [_thread_blocked, id=5012, stack(0x0000000014a50000,0x0000000014b50000)]
  0x0000000013df8000 JavaThread "Reference Handler" daemon [_thread_blocked, id=17100, stack(0x0000000014950000,0x0000000014a50000)]
  0x0000000002be2800 JavaThread "main" [_thread_blocked, id=13220, stack(0x00000000012c0000,0x00000000013c0000)]

Other Threads:
  0x0000000013dd7000 VMThread [stack: 0x0000000014850000,0x0000000014950000] [id=6400]
  0x0000000013e8d800 WatcherThread [stack: 0x0000000015170000,0x0000000015270000] [id=16600]

VM state:not at safepoint (normal execution)

VM Mutex/Monitor currently owned by a thread: None

heap address: 0x00000000e0000000, size: 512 MB, Compressed Oops mode: 32-bit
Narrow klass base: 0x0000000000000000, Narrow klass shift: 3
Compressed class space size: 1073741824 Address: 0x0000000100000000

Heap:
 PSYoungGen      total 153600K, used 79729K [0x00000000f5580000, 0x0000000100000000, 0x0000000100000000)
  eden space 137728K, 46% used [0x00000000f5580000,0x00000000f93f8d58,0x00000000fdc00000)
  from space 15872K, 99% used [0x00000000fdc00000,0x00000000feb636a8,0x00000000feb80000)
  to   space 19456K, 0% used [0x00000000fed00000,0x00000000fed00000,0x0000000100000000)
 ParOldGen       total 208896K, used 30494K [0x00000000e0000000, 0x00000000ecc00000, 0x00000000f5580000)
  object space 208896K, 14% used [0x00000000e0000000,0x00000000e1dc79a8,0x00000000ecc00000)
 Metaspace       used 65591K, capacity 68252K, committed 68480K, reserved 1107968K
  class space    used 9047K, capacity 9772K, committed 9856K, reserved 1048576K

Card table byte_map: [0x00000000120a0000,0x00000000121b0000] byte_map_base: 0x00000000119a0000

Marking Bits: (ParMarkBitMap*) 0x0000000059fc6d90
 Begin Bits: [0x00000000123b0000, 0x0000000012bb0000)
 End Bits:   [0x0000000012bb0000, 0x00000000133b0000)

Polling page: 0x0000000000bf0000

CodeCache: size=245760Kb used=22507Kb max_used=22915Kb free=223252Kb
 bounds [0x0000000002ce0000, 0x0000000004360000, 0x0000000011ce0000]
 total_blobs=7629 nmethods=6795 adapters=747
 compilation: enabled

Compilation events (10 events):
Event: 89.496 Thread 0x0000000013e10000 7464 %     4       java.math.BigInteger::primitiveLeftShift @ 31 (79 bytes)
Event: 89.501 Thread 0x0000000013e10000 nmethod 7464% 0x0000000004350c10 code [0x0000000004350d60, 0x00000000043510b8]
Event: 89.557 Thread 0x0000000013e10000 7466       4       java.util.Arrays::equals (54 bytes)
Event: 89.565 Thread 0x0000000013e10000 nmethod 7466 0x000000000433b410 code [0x000000000433b540, 0x000000000433b6d8]
Event: 89.568 Thread 0x0000000013e10000 7468       4       java.util.ArrayList$SubList$1::hasNext (20 bytes)
Event: 89.570 Thread 0x0000000013e10000 nmethod 7468 0x0000000002e5d350 code [0x0000000002e5d480, 0x0000000002e5d518]
Event: 89.619 Thread 0x0000000013e10000 7469       4       java.lang.StringBuilder::<init> (6 bytes)
Event: 89.620 Thread 0x0000000013e10000 nmethod 7469 0x0000000002eb7710 code [0x0000000002eb7860, 0x0000000002eb7998]
Event: 89.625 Thread 0x0000000013e10000 7471       4       java.util.ArrayList::grow (45 bytes)
Event: 89.628 Thread 0x0000000013e10000 nmethod 7471 0x0000000002f63410 code [0x0000000002f63560, 0x0000000002f63798]

GC Heap History (10 events):
Event: 47.565 GC heap before
{Heap before GC invocations=10 (full 2):
 PSYoungGen      total 116224K, used 102912K [0x00000000f5580000, 0x0000000100000000, 0x0000000100000000)
  eden space 102912K, 100% used [0x00000000f5580000,0x00000000fba00000,0x00000000fba00000)
  from space 13312K, 0% used [0x00000000fba00000,0x00000000fba00000,0x00000000fc700000)
  to   space 13312K, 0% used [0x00000000ff300000,0x00000000ff300000,0x0000000100000000)
 ParOldGen       total 175104K, used 15392K [0x00000000e0000000, 0x00000000eab00000, 0x00000000f5580000)
  object space 175104K, 8% used [0x00000000e0000000,0x00000000e0f08130,0x00000000eab00000)
 Metaspace       used 44808K, capacity 45980K, committed 46336K, reserved 1089536K
  class space    used 6168K, capacity 6530K, committed 6656K, reserved 1048576K
Event: 47.593 GC heap after
Heap after GC invocations=10 (full 2):
 PSYoungGen      total 157184K, used 13297K [0x00000000f5580000, 0x0000000100000000, 0x0000000100000000)
  eden space 143872K, 0% used [0x00000000f5580000,0x00000000f5580000,0x00000000fe200000)
  from space 13312K, 99% used [0x00000000ff300000,0x00000000ffffc600,0x0000000100000000)
  to   space 15360K, 0% used [0x00000000fe200000,0x00000000fe200000,0x00000000ff100000)
 ParOldGen       total 175104K, used 16945K [0x00000000e0000000, 0x00000000eab00000, 0x00000000f5580000)
  object space 175104K, 9% used [0x00000000e0000000,0x00000000e108c438,0x00000000eab00000)
 Metaspace       used 44808K, capacity 45980K, committed 46336K, reserved 1089536K
  class space    used 6168K, capacity 6530K, committed 6656K, reserved 1048576K
}
Event: 75.377 GC heap before
{Heap before GC invocations=11 (full 2):
 PSYoungGen      total 157184K, used 157169K [0x00000000f5580000, 0x0000000100000000, 0x0000000100000000)
  eden space 143872K, 100% used [0x00000000f5580000,0x00000000fe200000,0x00000000fe200000)
  from space 13312K, 99% used [0x00000000ff300000,0x00000000ffffc600,0x0000000100000000)
  to   space 15360K, 0% used [0x00000000fe200000,0x00000000fe200000,0x00000000ff100000)
 ParOldGen       total 175104K, used 16945K [0x00000000e0000000, 0x00000000eab00000, 0x00000000f5580000)
  object space 175104K, 9% used [0x00000000e0000000,0x00000000e108c438,0x00000000eab00000)
 Metaspace       used 56065K, capacity 57768K, committed 57856K, reserved 1099776K
  class space    used 7724K, capacity 8183K, committed 8192K, reserved 1048576K
Event: 75.476 GC heap after
Heap after GC invocations=11 (full 2):
 PSYoungGen      total 159232K, used 15344K [0x00000000f5580000, 0x0000000100000000, 0x0000000100000000)
  eden space 143872K, 0% used [0x00000000f5580000,0x00000000f5580000,0x00000000fe200000)
  from space 15360K, 99% used [0x00000000fe200000,0x00000000ff0fc038,0x00000000ff100000)
  to   space 15360K, 0% used [0x00000000ff100000,0x00000000ff100000,0x0000000100000000)
 ParOldGen       total 175104K, used 22468K [0x00000000e0000000, 0x00000000eab00000, 0x00000000f5580000)
  object space 175104K, 12% used [0x00000000e0000000,0x00000000e15f10d0,0x00000000eab00000)
 Metaspace       used 56065K, capacity 57768K, committed 57856K, reserved 1099776K
  class space    used 7724K, capacity 8183K, committed 8192K, reserved 1048576K
}
Event: 76.124 GC heap before
{Heap before GC invocations=12 (full 2):
 PSYoungGen      total 159232K, used 34760K [0x00000000f5580000, 0x0000000100000000, 0x0000000100000000)
  eden space 143872K, 13% used [0x00000000f5580000,0x00000000f6876298,0x00000000fe200000)
  from space 15360K, 99% used [0x00000000fe200000,0x00000000ff0fc038,0x00000000ff100000)
  to   space 15360K, 0% used [0x00000000ff100000,0x00000000ff100000,0x0000000100000000)
 ParOldGen       total 175104K, used 22468K [0x00000000e0000000, 0x00000000eab00000, 0x00000000f5580000)
  object space 175104K, 12% used [0x00000000e0000000,0x00000000e15f10d0,0x00000000eab00000)
 Metaspace       used 57174K, capacity 58856K, committed 59008K, reserved 1099776K
  class space    used 7855K, capacity 8311K, committed 8320K, reserved 1048576K
Event: 76.154 GC heap after
Heap after GC invocations=12 (full 2):
 PSYoungGen      total 153088K, used 9524K [0x00000000f5580000, 0x0000000100000000, 0x0000000100000000)
  eden space 137728K, 0% used [0x00000000f5580000,0x00000000f5580000,0x00000000fdc00000)
  from space 15360K, 62% used [0x00000000ff100000,0x00000000ffa4d158,0x0000000100000000)
  to   space 18432K, 0% used [0x00000000fdc00000,0x00000000fdc00000,0x00000000fee00000)
 ParOldGen       total 175104K, used 28940K [0x00000000e0000000, 0x00000000eab00000, 0x00000000f5580000)
  object space 175104K, 16% used [0x00000000e0000000,0x00000000e1c430a0,0x00000000eab00000)
 Metaspace       used 57174K, capacity 58856K, committed 59008K, reserved 1099776K
  class space    used 7855K, capacity 8311K, committed 8320K, reserved 1048576K
}
Event: 76.154 GC heap before
{Heap before GC invocations=13 (full 3):
 PSYoungGen      total 153088K, used 9524K [0x00000000f5580000, 0x0000000100000000, 0x0000000100000000)
  eden space 137728K, 0% used [0x00000000f5580000,0x00000000f5580000,0x00000000fdc00000)
  from space 15360K, 62% used [0x00000000ff100000,0x00000000ffa4d158,0x0000000100000000)
  to   space 18432K, 0% used [0x00000000fdc00000,0x00000000fdc00000,0x00000000fee00000)
 ParOldGen       total 175104K, used 28940K [0x00000000e0000000, 0x00000000eab00000, 0x00000000f5580000)
  object space 175104K, 16% used [0x00000000e0000000,0x00000000e1c430a0,0x00000000eab00000)
 Metaspace       used 57174K, capacity 58856K, committed 59008K, reserved 1099776K
  class space    used 7855K, capacity 8311K, committed 8320K, reserved 1048576K
Event: 76.459 GC heap after
Heap after GC invocations=13 (full 3):
 PSYoungGen      total 153088K, used 0K [0x00000000f5580000, 0x0000000100000000, 0x0000000100000000)
  eden space 137728K, 0% used [0x00000000f5580000,0x00000000f5580000,0x00000000fdc00000)
  from space 15360K, 0% used [0x00000000ff100000,0x00000000ff100000,0x0000000100000000)
  to   space 18432K, 0% used [0x00000000fdc00000,0x00000000fdc00000,0x00000000fee00000)
 ParOldGen       total 208896K, used 30494K [0x00000000e0000000, 0x00000000ecc00000, 0x00000000f5580000)
  object space 208896K, 14% used [0x00000000e0000000,0x00000000e1dc79a8,0x00000000ecc00000)
 Metaspace       used 57174K, capacity 58856K, committed 59008K, reserved 1099776K
  class space    used 7855K, capacity 8311K, committed 8320K, reserved 1048576K
}
Event: 85.587 GC heap before
{Heap before GC invocations=14 (full 3):
 PSYoungGen      total 153088K, used 137728K [0x00000000f5580000, 0x0000000100000000, 0x0000000100000000)
  eden space 137728K, 100% used [0x00000000f5580000,0x00000000fdc00000,0x00000000fdc00000)
  from space 15360K, 0% used [0x00000000ff100000,0x00000000ff100000,0x0000000100000000)
  to   space 18432K, 0% used [0x00000000fdc00000,0x00000000fdc00000,0x00000000fee00000)
 ParOldGen       total 208896K, used 30494K [0x00000000e0000000, 0x00000000ecc00000, 0x00000000f5580000)
  object space 208896K, 14% used [0x00000000e0000000,0x00000000e1dc79a8,0x00000000ecc00000)
 Metaspace       used 62631K, capacity 65010K, committed 65152K, reserved 1105920K
  class space    used 8673K, capacity 9285K, committed 9344K, reserved 1048576K
Event: 85.640 GC heap after
Heap after GC invocations=14 (full 3):
 PSYoungGen      total 153600K, used 15757K [0x00000000f5580000, 0x0000000100000000, 0x0000000100000000)
  eden space 137728K, 0% used [0x00000000f5580000,0x00000000f5580000,0x00000000fdc00000)
  from space 15872K, 99% used [0x00000000fdc00000,0x00000000feb636a8,0x00000000feb80000)
  to   space 19456K, 0% used [0x00000000fed00000,0x00000000fed00000,0x0000000100000000)
 ParOldGen       total 208896K, used 30494K [0x00000000e0000000, 0x00000000ecc00000, 0x00000000f5580000)
  object space 208896K, 14% used [0x00000000e0000000,0x00000000e1dc79a8,0x00000000ecc00000)
 Metaspace       used 62631K, capacity 65010K, committed 65152K, reserved 1105920K
  class space    used 8673K, capacity 9285K, committed 9344K, reserved 1048576K
}

Deoptimization events (10 events):
Event: 87.316 Thread 0x0000000016572000 Uncommon trap: reason=unstable_if action=reinterpret pc=0x00000000036b096c method=java.util.Arrays.hashCode([Ljava/lang/Object;)I @ 34
Event: 87.589 Thread 0x0000000016572000 Uncommon trap: reason=unstable_if action=reinterpret pc=0x0000000003060bc0 method=java.util.jar.JarFile.maybeInstantiateVerifier()V @ 4
Event: 88.091 Thread 0x0000000016572000 Uncommon trap: reason=unstable_if action=reinterpret pc=0x00000000030c3070 method=java.lang.String.regionMatches(ZILjava/lang/String;II)Z @ 123
Event: 88.110 Thread 0x0000000016572000 Uncommon trap: reason=unstable_if action=reinterpret pc=0x00000000042d19d0 method=java.io.ByteArrayInputStream.read()I @ 8
Event: 89.562 Thread 0x0000000016572000 Uncommon trap: reason=null_check action=make_not_entrant pc=0x000000000347bf24 method=java.net.URL.getURLStreamHandler(Ljava/lang/String;)Ljava/net/URLStreamHandler; @ 7
Event: 89.618 Thread 0x0000000016572000 Uncommon trap: reason=class_check action=maybe_recompile pc=0x0000000003ae3220 method=java.util.jar.JarFile.getJarEntry(Ljava/lang/String;)Ljava/util/jar/JarEntry; @ 2
Event: 89.622 Thread 0x0000000016572000 Uncommon trap: reason=bimorphic action=maybe_recompile pc=0x0000000003e945d8 method=java.io.BufferedInputStream.read1([BII)I @ 39
Event: 89.622 Thread 0x0000000016572000 Uncommon trap: reason=bimorphic action=maybe_recompile pc=0x0000000003e945d8 method=java.io.BufferedInputStream.read1([BII)I @ 39
Event: 89.622 Thread 0x0000000016572000 Uncommon trap: reason=bimorphic action=maybe_recompile pc=0x0000000003e945d8 method=java.io.BufferedInputStream.read1([BII)I @ 39
Event: 89.622 Thread 0x0000000016572000 Uncommon trap: reason=bimorphic action=maybe_recompile pc=0x0000000003e945d8 method=java.io.BufferedInputStream.read1([BII)I @ 39

Classes redefined (0 events):
No events

Internal exceptions (10 events):
Event: 86.299 Thread 0x0000000016572000 Exception <a 'java/lang/ClassNotFoundException': build_bv90yh801kuw5d211fwn6aiz9BeanInfo> (0x00000000f6bb16a8) thrown at [C:\re\workspace\8-2-build-windows-amd64-cygwin\jdk8u231\13620\hotspot\src\share\vm\classfile\systemDictionary.cpp, line 210]
Event: 86.300 Thread 0x0000000016572000 Exception <a 'java/lang/ClassNotFoundException': build_bv90yh801kuw5d211fwn6aiz9Customizer> (0x00000000f6bbd5e8) thrown at [C:\re\workspace\8-2-build-windows-amd64-cygwin\jdk8u231\13620\hotspot\src\share\vm\classfile\systemDictionary.cpp, line 210]
Event: 86.304 Thread 0x0000000016572000 Exception <a 'sun/nio/fs/WindowsException'> (0x00000000f6bd5b48) thrown at [C:\re\workspace\8-2-build-windows-amd64-cygwin\jdk8u231\13620\hotspot\src\share\vm\prims\jni.cpp, line 710]
Event: 86.349 Thread 0x0000000016572000 Exception <a 'java/lang/ClassNotFoundException': build_bv90yh801kuw5d211fwn6aiz9$_run_closure1BeanInfo> (0x00000000f6cdf088) thrown at [C:\re\workspace\8-2-build-windows-amd64-cygwin\jdk8u231\13620\hotspot\src\share\vm\classfile\systemDictionary.cpp, line
Event: 86.350 Thread 0x0000000016572000 Exception <a 'java/lang/ClassNotFoundException': build_bv90yh801kuw5d211fwn6aiz9$_run_closure1Customizer> (0x00000000f6cf7d80) thrown at [C:\re\workspace\8-2-build-windows-amd64-cygwin\jdk8u231\13620\hotspot\src\share\vm\classfile\systemDictionary.cpp, li
Event: 86.516 Thread 0x0000000016572000 Exception <a 'java/lang/ClassNotFoundException': build_bv90yh801kuw5d211fwn6aiz9$_run_closure4BeanInfo> (0x00000000f6fedab8) thrown at [C:\re\workspace\8-2-build-windows-amd64-cygwin\jdk8u231\13620\hotspot\src\share\vm\classfile\systemDictionary.cpp, line
Event: 86.516 Thread 0x0000000016572000 Exception <a 'java/lang/ClassNotFoundException': build_bv90yh801kuw5d211fwn6aiz9$_run_closure4Customizer> (0x00000000f6ffc1c8) thrown at [C:\re\workspace\8-2-build-windows-amd64-cygwin\jdk8u231\13620\hotspot\src\share\vm\classfile\systemDictionary.cpp, li
Event: 87.100 Thread 0x0000000016572000 Implicit null exception at 0x000000000331cee2 to 0x000000000331d419
Event: 87.316 Thread 0x0000000016572000 Implicit null exception at 0x00000000036b08af to 0x00000000036b094d
Event: 89.561 Thread 0x0000000016572000 Implicit null exception at 0x0000000003479950 to 0x000000000347bf0d

Events (10 events):
Event: 89.622 Thread 0x0000000016572000 DEOPT UNPACKING pc=0x0000000002d2583b sp=0x0000000017de6e18 mode 2
Event: 89.622 Thread 0x0000000016572000 Uncommon trap: trap_request=0xffffffc6 fr.pc=0x0000000003e945d8
Event: 89.622 Thread 0x0000000016572000 DEOPT PACKING pc=0x0000000003e945d8 sp=0x0000000017de6ea0
Event: 89.622 Thread 0x0000000016572000 DEOPT UNPACKING pc=0x0000000002d2583b sp=0x0000000017de6e18 mode 2
Event: 89.628 Thread 0x0000000013e10000 flushing nmethod 0x0000000003128d10
Event: 89.628 Thread 0x0000000013e10000 flushing nmethod 0x0000000003142190
Event: 89.628 Thread 0x0000000013e10000 flushing nmethod 0x000000000314a7d0
Event: 89.629 Thread 0x0000000013e10000 flushing nmethod 0x00000000031e7dd0
Event: 89.631 loading class sun/security/provider/certpath/UntrustedChecker
Event: 89.651 loading class java/security/cert/PKIXCertPathChecker


Dynamic libraries:
0x00007ff725420000 - 0x00007ff725457000 	C:\Program Files\Java\jdk1.8.0_231\bin\java.exe
0x00007ff9d6be0000 - 0x00007ff9d6dd0000 	C:\WINDOWS\SYSTEM32\ntdll.dll
0x00007ff9d61a0000 - 0x00007ff9d6252000 	C:\WINDOWS\System32\KERNEL32.DLL
0x00007ff9d47e0000 - 0x00007ff9d4a83000 	C:\WINDOWS\System32\KERNELBASE.dll
0x00007ff9d65e0000 - 0x00007ff9d6683000 	C:\WINDOWS\System32\ADVAPI32.dll
0x00007ff9d57c0000 - 0x00007ff9d585e000 	C:\WINDOWS\System32\msvcrt.dll
0x00007ff9d5720000 - 0x00007ff9d57b7000 	C:\WINDOWS\System32\sechost.dll
0x00007ff9d5ba0000 - 0x00007ff9d5cc0000 	C:\WINDOWS\System32\RPCRT4.dll
0x00007ff9d63d0000 - 0x00007ff9d6564000 	C:\WINDOWS\System32\USER32.dll
0x00007ff9d3e60000 - 0x00007ff9d3e81000 	C:\WINDOWS\System32\win32u.dll
0x00007ff9d6260000 - 0x00007ff9d6286000 	C:\WINDOWS\System32\GDI32.dll
0x00007ff9d3cc0000 - 0x00007ff9d3e54000 	C:\WINDOWS\System32\gdi32full.dll
0x00007ff9d4b40000 - 0x00007ff9d4bde000 	C:\WINDOWS\System32\msvcp_win.dll
0x00007ff9d46e0000 - 0x00007ff9d47da000 	C:\WINDOWS\System32\ucrtbase.dll
0x00007ff9adb60000 - 0x00007ff9adde5000 	C:\WINDOWS\WinSxS\amd64_microsoft.windows.common-controls_6595b64144ccf1df_6.0.18362.657_none_e6c5b579130e3898\COMCTL32.dll
0x00007ff9d6840000 - 0x00007ff9d6b76000 	C:\WINDOWS\System32\combase.dll
0x00007ff9d3e90000 - 0x00007ff9d3f10000 	C:\WINDOWS\System32\bcryptPrimitives.dll
0x00007ff9d5a40000 - 0x00007ff9d5a6e000 	C:\WINDOWS\System32\IMM32.DLL
0x000000005a050000 - 0x000000005a122000 	C:\Program Files\Java\jdk1.8.0_231\jre\bin\msvcr100.dll
0x00000000597a0000 - 0x000000005a046000 	C:\Program Files\Java\jdk1.8.0_231\jre\bin\server\jvm.dll
0x00007ff9d56b0000 - 0x00007ff9d56b8000 	C:\WINDOWS\System32\PSAPI.DLL
0x00007ff9b2120000 - 0x00007ff9b2129000 	C:\WINDOWS\SYSTEM32\WSOCK32.dll
0x00007ff9d1040000 - 0x00007ff9d1064000 	C:\WINDOWS\SYSTEM32\WINMM.dll
0x00007ff9d6130000 - 0x00007ff9d619f000 	C:\WINDOWS\System32\WS2_32.dll
0x00007ff9d1550000 - 0x00007ff9d155a000 	C:\WINDOWS\SYSTEM32\VERSION.dll
0x00007ff9d1010000 - 0x00007ff9d103d000 	C:\WINDOWS\SYSTEM32\WINMMBASE.dll
0x00007ff9d4c40000 - 0x00007ff9d4c8a000 	C:\WINDOWS\System32\cfgmgr32.dll
0x00007ff9c9620000 - 0x00007ff9c962f000 	C:\Program Files\Java\jdk1.8.0_231\jre\bin\verify.dll
0x00007ff99db40000 - 0x00007ff99db69000 	C:\Program Files\Java\jdk1.8.0_231\jre\bin\java.dll
0x00007ff9ab300000 - 0x00007ff9ab316000 	C:\Program Files\Java\jdk1.8.0_231\jre\bin\zip.dll
0x00007ff9d4dc0000 - 0x00007ff9d54a5000 	C:\WINDOWS\System32\SHELL32.dll
0x00007ff9d5580000 - 0x00007ff9d5629000 	C:\WINDOWS\System32\shcore.dll
0x00007ff9d3f10000 - 0x00007ff9d468f000 	C:\WINDOWS\System32\windows.storage.dll
0x00007ff9d3b50000 - 0x00007ff9d3b6f000 	C:\WINDOWS\System32\profapi.dll
0x00007ff9d3ae0000 - 0x00007ff9d3b2a000 	C:\WINDOWS\System32\powrprof.dll
0x00007ff9d3ab0000 - 0x00007ff9d3ac0000 	C:\WINDOWS\System32\UMPDC.dll
0x00007ff9d4d60000 - 0x00007ff9d4db2000 	C:\WINDOWS\System32\shlwapi.dll
0x00007ff9d3b30000 - 0x00007ff9d3b41000 	C:\WINDOWS\System32\kernel.appcore.dll
0x00007ff9d4690000 - 0x00007ff9d46a7000 	C:\WINDOWS\System32\cryptsp.dll
0x00007ff99db20000 - 0x00007ff99db3a000 	C:\Program Files\Java\jdk1.8.0_231\jre\bin\net.dll
0x00007ff9d32c0000 - 0x00007ff9d3327000 	C:\WINDOWS\system32\mswsock.dll
0x00007ff99db00000 - 0x00007ff99db12000 	C:\Program Files\Java\jdk1.8.0_231\jre\bin\nio.dll
0x00007ff99dad0000 - 0x00007ff99daf6000 	C:\Users\dulce\.gradle\native\29\windows-amd64\native-platform.dll
0x00007ff9b3bd0000 - 0x00007ff9b3bdd000 	C:\Program Files\Java\jdk1.8.0_231\jre\bin\management.dll
0x00007ff9d2e30000 - 0x00007ff9d2e63000 	C:\WINDOWS\system32\rsaenh.dll
0x00007ff9d46b0000 - 0x00007ff9d46d6000 	C:\WINDOWS\System32\bcrypt.dll
0x00007ff9d39d0000 - 0x00007ff9d39f5000 	C:\WINDOWS\SYSTEM32\USERENV.dll
0x00007ff9d3490000 - 0x00007ff9d349c000 	C:\WINDOWS\SYSTEM32\CRYPTBASE.dll
0x00007ff9d2fd0000 - 0x00007ff9d300a000 	C:\WINDOWS\SYSTEM32\IPHLPAPI.DLL
0x00007ff9d6570000 - 0x00007ff9d6578000 	C:\WINDOWS\System32\NSI.dll
0x00007ff9c28e0000 - 0x00007ff9c28f6000 	C:\WINDOWS\SYSTEM32\dhcpcsvc6.DLL
0x00007ff9c2550000 - 0x00007ff9c256c000 	C:\WINDOWS\SYSTEM32\dhcpcsvc.DLL
0x00007ff9d3010000 - 0x00007ff9d30da000 	C:\WINDOWS\SYSTEM32\DNSAPI.dll
0x00007ff99bca0000 - 0x00007ff99bcc4000 	C:\Program Files\Java\jdk1.8.0_231\jre\bin\sunec.dll
0x00007ff9d23d0000 - 0x00007ff9d25c4000 	C:\WINDOWS\SYSTEM32\dbghelp.dll

VM Arguments:
jvm_args: -XX:MaxMetaspaceSize=256m -XX:+HeapDumpOnOutOfMemoryError -Xms256m -Xmx512m -Dfile.encoding=windows-1252 -Duser.country=MX -Duser.language=es -Duser.variant 
java_command: org.gradle.launcher.daemon.bootstrap.GradleDaemon 5.5
java_class_path (initial): C:\Users\dulce\.gradle\wrapper\dists\gradle-5.5-all\byeise1led9a3w3p149d02kfj\gradle-5.5\lib\gradle-launcher-5.5.jar
Launcher Type: SUN_STANDARD

Environment Variables:
JAVA_HOME=C:\Program Files\Java\jdk1.8.0_231
CLASSPATH=C:\Otro\android\\gradle\wrapper\gradle-wrapper.jar
PATH=C:\Python27\;C:\Python27\Scripts;C:\ProgramData\Oracle\Java\javapath;C:\Program Files (x86)\Intel\TXE Components\iCLS\;C:\Program Files\Intel\TXE Components\iCLS\;C:\WINDOWS\system32;C:\WINDOWS;C:\WINDOWS\System32\Wbem;C:\WINDOWS\System32\WindowsPowerShell\v1.0\;C:\WINDOWS\System32\OpenSSH\;C:\Program Files\Intel\TXE Components\DAL\;C:\Program Files (x86)\Intel\TXE Components\DAL\;C:\Program Files\Intel\TXE Components\IPT\;C:\Program Files (x86)\Intel\TXE Components\IPT\;C:\Program Files (x86)\Brackets\command;C:\Program Files\IBM\Cloud\bin;C:\ProgramData\chocolatey\bin;C:\Program Files\nodejs\;C:\Program Files\Java\jdk1.8.0_231\bin;C:\Program Files (x86)\Yarn\bin\;C:\Program Files\Git\cmd;C:\Users\dulce\AppData\Local\Microsoft\WindowsApps;C:\Users\dulce\AppData\Roaming\npm;C:\Users\dulce\AppData\Local\Programs\Microsoft VS Code\bin;C:\Users\dulce\AppData\Local\Yarn\bin
USERNAME=Dulce
OS=Windows_NT
PROCESSOR_IDENTIFIER=Intel64 Family 6 Model 122 Stepping 1, GenuineIntel



---------------  S Y S T E M  ---------------

OS: Windows 10.0 , 64 bit Build 18362 (10.0.18362.329)

CPU:total 2 (initial active 2) (2 cores per cpu, 1 threads per core) family 6 model 122 stepping 1, cmov, cx8, fxsr, mmx, sse, sse2, sse3, ssse3, sse4.1, sse4.2, popcnt, aes, clmul, erms, 3dnowpref, tsc, tscinvbit

Memory: 4k page, physical 4021836k(238756k free), swap 7429708k(2360604k free)

vm_info: Java HotSpot(TM) 64-Bit Server VM (25.231-b11) for windows-amd64 JRE (1.8.0_231-b11), built on Oct  5 2019 03:11:30 by "java_re" with MS VC++ 10.0 (VS2010)

time: Tue Mar 03 08:31:59 2020
timezone: Hora estándar central (México)
elapsed time: 90 seconds (0d 0h 1m 30s)

